<?xml version="1.0" encoding="UTF-8"?>
<!-- Generated by org.testng.reporters.JUnitReportReporter -->
<testsuite hostname="Devis-MacBook-Pro.local" failures="0" tests="1" name="JustEat.JustToEat_Scenario_RefineTheSearchByDifferentFilters" time="25.820" errors="0" timestamp="19 Jun. 2019 00:04:20 GMT" skipped="0">
  <testcase classname="JustEat.JustToEat_Scenario_RefineTheSearchByDifferentFilters" name="JustToEat_RefineTheSearchByDifferentFilters" time="25.820"/>
</testsuite> <!-- JustEat.JustToEat_Scenario_RefineTheSearchByDifferentFilters -->
